<?xml version="1.0" encoding="UTF-8"?>
<!-- Generated by org.testng.reporters.JUnitXMLReporter -->
<testsuite ignored="0" hostname="NTH95-20230619Y" failures="0" tests="12" name="Test" time="6.567" errors="0" timestamp="2024-08-01T14:24:12 ICT">
  <testcase classname="com.api.auto.testcase.TC_API_Login" name="T01_Validate200_OK" time="0.025"/>
  <testcase classname="com.api.auto.testcase.TC_API_Login" name="T02_ValidateMessage" time="1.209"/>
  <testcase classname="com.api.auto.testcase.TC_API_Login" name="T03_ValidateToken" time="0.052"/>
  <testcase classname="com.api.auto.testcase.TC_API_Login" name="T04_ValidateUserType" time="0.03"/>
  <testcase classname="com.api.auto.testcase.TC_API_Login" name="T05_ValidateAccount" time="0.029"/>
  <testcase classname="com.api.auto.testcase.TC_API_Login" name="T06_ValidatePassword" time="0.028"/>
  <testcase classname="com.api.auto.testcase.TC_API_Login" name="T07_validateAbc" time="0.004"/>
  <testcase classname="com.api.auto.testcase.TC_API_CreateWork" name="Tc01_Validate201Created" time="0.007"/>
  <testcase classname="com.api.auto.testcase.TC_API_CreateWork" name="Tc02_ValidateWorkId" time="0.012"/>
  <testcase classname="com.api.auto.testcase.TC_API_CreateWork" name="Tc03_ValidateNameOfWorkMatched" time="0.066"/>
  <testcase classname="com.api.auto.testcase.TC_API_CreateWork" name="Tc04_ValidateExperienceMatched" time="0.054"/>
  <testcase classname="com.api.auto.testcase.TC_API_CreateWork" name="Tc05_ValidateEducationMatched" time="0.048"/>
</testsuite> <!-- Test -->
